<?xml version="1.0" encoding="UTF-8"?>
<!-- Generated by org.testng.reporters.JUnitXMLReporter -->
<testsuite ignored="0" hostname="canhdominich-Inspiron-5559" failures="22" tests="37" name="RestAssuredAPITesting" time="27.171" errors="0" timestamp="2024-05-04T14:56:03 ICT">
  <testcase classname="Test.Lecturer.CreateLecturer" name="TGV_01" time="0.65"/>
  <testcase classname="Test.Lecturer.CreateLecturer" name="TGV_02" time="0.612"/>
  <testcase classname="Test.Lecturer.CreateLecturer" name="TGV_03" time="1.021">
    <failure type="java.lang.AssertionError" message="expected [400] but found [422]">
      <![CDATA[java.lang.AssertionError: expected [400] but found [422]
at Common.CommonFunction.assertResponse(CommonFunction.java:202)
at Test.Lecturer.CreateLecturer.TGV_03(CreateLecturer.java:62)
at java.base/java.util.ArrayList.forEach(ArrayList.java:1511)
... Removed 33 stack frames]]>
    </failure>
  </testcase> <!-- TGV_03 -->
  <testcase classname="Test.Lecturer.CreateLecturer" name="TGV_04" time="0.581"/>
  <testcase classname="Test.Lecturer.CreateLecturer" name="TGV_05" time="0.74"/>
  <testcase classname="Test.Lecturer.CreateLecturer" name="TGV_06" time="0.593"/>
  <testcase classname="Test.Lecturer.CreateLecturer" name="TGV_07" time="0.6">
    <failure type="java.lang.AssertionError" message="expected [400] but found [200]">
      <![CDATA[java.lang.AssertionError: expected [400] but found [200]
at Common.CommonFunction.assertResponse(CommonFunction.java:202)
at Test.Lecturer.CreateLecturer.TGV_07(CreateLecturer.java:94)
at java.base/java.util.ArrayList.forEach(ArrayList.java:1511)
... Removed 33 stack frames]]>
    </failure>
  </testcase> <!-- TGV_07 -->
  <testcase classname="Test.Lecturer.CreateLecturer" name="TGV_08" time="0.636"/>
  <testcase classname="Test.Lecturer.CreateLecturer" name="TGV_09" time="0.547"/>
  <testcase classname="Test.Lecturer.CreateLecturer" name="TGV_10" time="0.65"/>
  <testcase classname="Test.Lecturer.CreateLecturer" name="TGV_11" time="0.565"/>
  <testcase classname="Test.Lecturer.CreateLecturer" name="TGV_12" time="0.653"/>
  <testcase classname="Test.Lecturer.CreateLecturer" name="TGV_13" time="0.711"/>
  <testcase classname="Test.Lecturer.CreateLecturer" name="TGV_14" time="0.602"/>
  <testcase classname="Test.Lecturer.CreateLecturer" name="TGV_15" time="0.715"/>
  <testcase classname="Test.Lecturer.CreateLecturer" name="TGV_16" time="0.544"/>
  <testcase classname="Test.Lecturer.CreateLecturer" name="TGV_17" time="0.676">
    <failure type="java.lang.AssertionError" message="expected [400] but found [200]">
      <![CDATA[java.lang.AssertionError: expected [400] but found [200]
at Common.CommonFunction.assertResponse(CommonFunction.java:202)
at Test.Lecturer.CreateLecturer.TGV_17(CreateLecturer.java:174)
at java.base/java.util.ArrayList.forEach(ArrayList.java:1511)
... Removed 33 stack frames]]>
    </failure>
  </testcase> <!-- TGV_17 -->
  <testcase classname="Test.Lecturer.CreateLecturer" name="TGV_18" time="0.606">
    <failure type="java.lang.AssertionError" message="expected [400] but found [200]">
      <![CDATA[java.lang.AssertionError: expected [400] but found [200]
at Common.CommonFunction.assertResponse(CommonFunction.java:202)
at Test.Lecturer.CreateLecturer.TGV_18(CreateLecturer.java:182)
at java.base/java.util.ArrayList.forEach(ArrayList.java:1511)
... Removed 33 stack frames]]>
    </failure>
  </testcase> <!-- TGV_18 -->
  <testcase classname="Test.Lecturer.CreateLecturer" name="TGV_19" time="0.609">
    <failure type="java.lang.AssertionError" message="expected [400] but found [200]">
      <![CDATA[java.lang.AssertionError: expected [400] but found [200]
at Common.CommonFunction.assertResponse(CommonFunction.java:202)
at Test.Lecturer.CreateLecturer.TGV_19(CreateLecturer.java:190)
at java.base/java.util.ArrayList.forEach(ArrayList.java:1511)
... Removed 33 stack frames]]>
    </failure>
  </testcase> <!-- TGV_19 -->
  <testcase classname="Test.Lecturer.CreateLecturer" name="TGV_20" time="0.609">
    <failure type="java.lang.AssertionError" message="expected [400] but found [200]">
      <![CDATA[java.lang.AssertionError: expected [400] but found [200]
at Common.CommonFunction.assertResponse(CommonFunction.java:202)
at Test.Lecturer.CreateLecturer.TGV_20(CreateLecturer.java:198)
at java.base/java.util.ArrayList.forEach(ArrayList.java:1511)
... Removed 33 stack frames]]>
    </failure>
  </testcase> <!-- TGV_20 -->
  <testcase classname="Test.Lecturer.CreateLecturer" name="TGV_21" time="0.558">
    <failure type="java.lang.AssertionError" message="expected [400] but found [200]">
      <![CDATA[java.lang.AssertionError: expected [400] but found [200]
at Common.CommonFunction.assertResponse(CommonFunction.java:202)
at Test.Lecturer.CreateLecturer.TGV_21(CreateLecturer.java:206)
at java.base/java.util.ArrayList.forEach(ArrayList.java:1511)
... Removed 33 stack frames]]>
    </failure>
  </testcase> <!-- TGV_21 -->
  <testcase classname="Test.Lecturer.CreateLecturer" name="TGV_22" time="0.651">
    <failure type="java.lang.AssertionError" message="expected [400] but found [200]">
      <![CDATA[java.lang.AssertionError: expected [400] but found [200]
at Common.CommonFunction.assertResponse(CommonFunction.java:202)
at Test.Lecturer.CreateLecturer.TGV_22(CreateLecturer.java:214)
at java.base/java.util.ArrayList.forEach(ArrayList.java:1511)
... Removed 33 stack frames]]>
    </failure>
  </testcase> <!-- TGV_22 -->
  <testcase classname="Test.Lecturer.CreateLecturer" name="TGV_23" time="0.607">
    <failure type="java.lang.AssertionError" message="expected [400] but found [200]">
      <![CDATA[java.lang.AssertionError: expected [400] but found [200]
at Common.CommonFunction.assertResponse(CommonFunction.java:202)
at Test.Lecturer.CreateLecturer.TGV_23(CreateLecturer.java:222)
at java.base/java.util.ArrayList.forEach(ArrayList.java:1511)
... Removed 33 stack frames]]>
    </failure>
  </testcase> <!-- TGV_23 -->
  <testcase classname="Test.Lecturer.CreateLecturer" name="TGV_24" time="0.608">
    <failure type="java.lang.AssertionError" message="expected [400] but found [200]">
      <![CDATA[java.lang.AssertionError: expected [400] but found [200]
at Common.CommonFunction.assertResponse(CommonFunction.java:202)
at Test.Lecturer.CreateLecturer.TGV_24(CreateLecturer.java:230)
at java.base/java.util.ArrayList.forEach(ArrayList.java:1511)
... Removed 33 stack frames]]>
    </failure>
  </testcase> <!-- TGV_24 -->
  <testcase classname="Test.Lecturer.CreateLecturer" name="TGV_25" time="0.007">
    <failure type="java.lang.NullPointerException" message="Cannot invoke &amp;quot;java.lang.Integer.intValue()&amp;quot; because &amp;quot;Common.VariableUtil.NULL_INTEGER&amp;quot; is null">
      <![CDATA[java.lang.NullPointerException: Cannot invoke "java.lang.Integer.intValue()" because "Common.VariableUtil.NULL_INTEGER" is null
at Test.Lecturer.CreateLecturer.TGV_25(CreateLecturer.java:235)
at java.base/java.util.ArrayList.forEach(ArrayList.java:1511)
... Removed 27 stack frames]]>
    </failure>
  </testcase> <!-- TGV_25 -->
  <testcase classname="Test.Lecturer.CreateLecturer" name="TGV_26" time="0.003">
    <failure type="java.lang.NullPointerException" message="Cannot invoke &amp;quot;java.lang.Integer.intValue()&amp;quot; because &amp;quot;Common.VariableUtil.NULL_INTEGER&amp;quot; is null">
      <![CDATA[java.lang.NullPointerException: Cannot invoke "java.lang.Integer.intValue()" because "Common.VariableUtil.NULL_INTEGER" is null
at Test.Lecturer.CreateLecturer.TGV_26(CreateLecturer.java:243)
at java.base/java.util.ArrayList.forEach(ArrayList.java:1511)
... Removed 27 stack frames]]>
    </failure>
  </testcase> <!-- TGV_26 -->
  <testcase classname="Test.Lecturer.CreateLecturer" name="TGV_27" time="0.798">
    <failure type="java.lang.AssertionError" message="expected [400] but found [500]">
      <![CDATA[java.lang.AssertionError: expected [400] but found [500]
at Common.CommonFunction.assertResponse(CommonFunction.java:202)
at Test.Lecturer.CreateLecturer.TGV_27(CreateLecturer.java:254)
at java.base/java.util.ArrayList.forEach(ArrayList.java:1511)
... Removed 33 stack frames]]>
    </failure>
  </testcase> <!-- TGV_27 -->
  <testcase classname="Test.Lecturer.CreateLecturer" name="TGV_28" time="0.425">
    <failure type="java.lang.AssertionError" message="expected [400] but found [500]">
      <![CDATA[java.lang.AssertionError: expected [400] but found [500]
at Common.CommonFunction.assertResponse(CommonFunction.java:202)
at Test.Lecturer.CreateLecturer.TGV_28(CreateLecturer.java:262)
at java.base/java.util.ArrayList.forEach(ArrayList.java:1511)
... Removed 33 stack frames]]>
    </failure>
  </testcase> <!-- TGV_28 -->
  <testcase classname="Test.Lecturer.CreateLecturer" name="TGV_29" time="0.682">
    <failure type="java.lang.AssertionError" message="expected [400] but found [200]">
      <![CDATA[java.lang.AssertionError: expected [400] but found [200]
at Common.CommonFunction.assertResponse(CommonFunction.java:202)
at Test.Lecturer.CreateLecturer.TGV_29(CreateLecturer.java:270)
at java.base/java.util.ArrayList.forEach(ArrayList.java:1511)
... Removed 33 stack frames]]>
    </failure>
  </testcase> <!-- TGV_29 -->
  <testcase classname="Test.Lecturer.CreateLecturer" name="TGV_30" time="0.606">
    <failure type="java.lang.AssertionError" message="expected [400] but found [200]">
      <![CDATA[java.lang.AssertionError: expected [400] but found [200]
at Common.CommonFunction.assertResponse(CommonFunction.java:202)
at Test.Lecturer.CreateLecturer.TGV_30(CreateLecturer.java:278)
at java.base/java.util.ArrayList.forEach(ArrayList.java:1511)
... Removed 33 stack frames]]>
    </failure>
  </testcase> <!-- TGV_30 -->
  <testcase classname="Test.Lecturer.CreateLecturer" name="TGV_31" time="0.434">
    <failure type="java.lang.AssertionError" message="expected [400] but found [500]">
      <![CDATA[java.lang.AssertionError: expected [400] but found [500]
at Common.CommonFunction.assertResponse(CommonFunction.java:202)
at Test.Lecturer.CreateLecturer.TGV_31(CreateLecturer.java:286)
at java.base/java.util.ArrayList.forEach(ArrayList.java:1511)
... Removed 33 stack frames]]>
    </failure>
  </testcase> <!-- TGV_31 -->
  <testcase classname="Test.Lecturer.CreateLecturer" name="TGV_32" time="0.684"/>
  <testcase classname="Test.Lecturer.CreateLecturer" name="TGV_33" time="0.412">
    <failure type="java.lang.AssertionError" message="expected [400] but found [500]">
      <![CDATA[java.lang.AssertionError: expected [400] but found [500]
at Common.CommonFunction.assertResponse(CommonFunction.java:202)
at Test.Lecturer.CreateLecturer.TGV_33(CreateLecturer.java:302)
at java.base/java.util.ArrayList.forEach(ArrayList.java:1511)
... Removed 33 stack frames]]>
    </failure>
  </testcase> <!-- TGV_33 -->
  <testcase classname="Test.Lecturer.CreateLecturer" name="TGV_34" time="0.41">
    <failure type="java.lang.AssertionError" message="expected [400] but found [500]">
      <![CDATA[java.lang.AssertionError: expected [400] but found [500]
at Common.CommonFunction.assertResponse(CommonFunction.java:202)
at Test.Lecturer.CreateLecturer.TGV_34(CreateLecturer.java:310)
at java.base/java.util.ArrayList.forEach(ArrayList.java:1511)
... Removed 33 stack frames]]>
    </failure>
  </testcase> <!-- TGV_34 -->
  <testcase classname="Test.Lecturer.CreateLecturer" name="TGV_35" time="0.698">
    <failure type="java.lang.AssertionError" message="expected [401] but found [200]">
      <![CDATA[java.lang.AssertionError: expected [401] but found [200]
at Common.CommonFunction.assertResponse(CommonFunction.java:202)
at Test.Lecturer.CreateLecturer.TGV_35(CreateLecturer.java:318)
at java.base/java.util.ArrayList.forEach(ArrayList.java:1511)
... Removed 33 stack frames]]>
    </failure>
  </testcase> <!-- TGV_35 -->
  <testcase classname="Test.Lecturer.CreateLecturer" name="TGV_36" time="0.57">
    <failure type="java.lang.AssertionError" message="expected [401] but found [200]">
      <![CDATA[java.lang.AssertionError: expected [401] but found [200]
at Common.CommonFunction.assertResponse(CommonFunction.java:202)
at Test.Lecturer.CreateLecturer.TGV_36(CreateLecturer.java:326)
at java.base/java.util.ArrayList.forEach(ArrayList.java:1511)
... Removed 33 stack frames]]>
    </failure>
  </testcase> <!-- TGV_36 -->
  <testcase classname="Test.Lecturer.CreateLecturer" name="TGV_37" time="0.652">
    <failure type="java.lang.AssertionError" message="expected [401] but found [200]">
      <![CDATA[java.lang.AssertionError: expected [401] but found [200]
at Common.CommonFunction.assertResponse(CommonFunction.java:202)
at Test.Lecturer.CreateLecturer.TGV_37(CreateLecturer.java:334)
at java.base/java.util.ArrayList.forEach(ArrayList.java:1511)
... Removed 33 stack frames]]>
    </failure>
  </testcase> <!-- TGV_37 -->
</testsuite> <!-- RestAssuredAPITesting -->
